Wed Mar 24 16:41:55 SGT 2010  [debug] AvalonLogSystem initialized using logfile 'velocity.log'
Wed Mar 24 16:41:55 SGT 2010   [info] ************************************************************** 
Wed Mar 24 16:41:55 SGT 2010   [info] Starting Jakarta Velocity v1.3.1
Wed Mar 24 16:41:55 SGT 2010   [info] RuntimeInstance initializing.
Wed Mar 24 16:41:55 SGT 2010   [info] Default Properties File: org\apache\velocity\runtime\defaults\velocity.properties
Wed Mar 24 16:41:55 SGT 2010   [info] Trying to use logger class org.apache.velocity.runtime.log.AvalonLogSystem
Wed Mar 24 16:41:55 SGT 2010   [info] Using logger class org.apache.velocity.runtime.log.AvalonLogSystem
Wed Mar 24 16:41:55 SGT 2010   [info] Default ResourceManager initializing. (class org.apache.velocity.runtime.resource.ResourceManagerImpl)
Wed Mar 24 16:41:55 SGT 2010   [info] Resource Loader Instantiated: org.apache.velocity.runtime.resource.loader.FileResourceLoader
Wed Mar 24 16:41:55 SGT 2010   [info] FileResourceLoader : initialization starting.
Wed Mar 24 16:41:55 SGT 2010   [info] FileResourceLoader : adding path 'D:\Documents and Settings\yasah\workspace\Winnu\templates'
Wed Mar 24 16:41:55 SGT 2010   [info] FileResourceLoader : initialization complete.
Wed Mar 24 16:41:55 SGT 2010   [info] ResourceCache : initialized. (class org.apache.velocity.runtime.resource.ResourceCacheImpl)
Wed Mar 24 16:41:55 SGT 2010   [info] Default ResourceManager initialization complete.
Wed Mar 24 16:41:55 SGT 2010   [info] Loaded System Directive: org.apache.velocity.runtime.directive.Literal
Wed Mar 24 16:41:55 SGT 2010   [info] Loaded System Directive: org.apache.velocity.runtime.directive.Macro
Wed Mar 24 16:41:55 SGT 2010   [info] Loaded System Directive: org.apache.velocity.runtime.directive.Parse
Wed Mar 24 16:41:55 SGT 2010   [info] Loaded System Directive: org.apache.velocity.runtime.directive.Include
Wed Mar 24 16:41:55 SGT 2010   [info] Loaded System Directive: org.apache.velocity.runtime.directive.Foreach
Wed Mar 24 16:41:56 SGT 2010   [info] Created: 20 parsers.
Wed Mar 24 16:41:56 SGT 2010   [info] Velocimacro : initialization starting.
Wed Mar 24 16:41:56 SGT 2010   [info] Velocimacro : adding VMs from VM library template : VM_global_library.vm
Wed Mar 24 16:41:56 SGT 2010  [error] ResourceManager : unable to find resource 'VM_global_library.vm' in any resource loader.
Wed Mar 24 16:41:56 SGT 2010   [info] Velocimacro : error using  VM library template VM_global_library.vm : org.apache.velocity.exception.ResourceNotFoundException: Unable to find resource 'VM_global_library.vm'
Wed Mar 24 16:41:56 SGT 2010   [info] Velocimacro :  VM library template macro registration complete.
Wed Mar 24 16:41:56 SGT 2010   [info] Velocimacro : allowInline = true : VMs can be defined inline in templates
Wed Mar 24 16:41:56 SGT 2010   [info] Velocimacro : allowInlineToOverride = false : VMs defined inline may NOT replace previous VM definitions
Wed Mar 24 16:41:56 SGT 2010   [info] Velocimacro : allowInlineLocal = false : VMs defined inline will be  global in scope if allowed.
Wed Mar 24 16:41:56 SGT 2010   [info] Velocimacro : messages on  : VM system will output logging messages
Wed Mar 24 16:41:56 SGT 2010   [info] Velocimacro : autoload off  : VM system will not automatically reload global library macros
Wed Mar 24 16:41:56 SGT 2010   [info] Velocimacro : initialization complete.
Wed Mar 24 16:41:56 SGT 2010   [info] Velocity successfully started.
Wed Mar 24 16:41:56 SGT 2010   [info] ResourceManager : found om/Control.vm with loader org.apache.velocity.runtime.resource.loader.FileResourceLoader
Wed Mar 24 16:41:56 SGT 2010   [warn] org.apache.velocity.runtime.exception.ReferenceException: reference : template = om/Control.vm [line 5,column 20] : $dbprops.get("idMethod") is not a valid reference.
Wed Mar 24 16:41:56 SGT 2010   [info] ResourceManager : found sql/base/mysql/db.props with loader org.apache.velocity.runtime.resource.loader.FileResourceLoader
Wed Mar 24 16:41:56 SGT 2010   [info] ResourceManager : found om/Peer.vm with loader org.apache.velocity.runtime.resource.loader.FileResourceLoader
Wed Mar 24 16:41:56 SGT 2010   [info] ResourceManager : found om/MapBuilder.vm with loader org.apache.velocity.runtime.resource.loader.FileResourceLoader
Wed Mar 24 16:41:56 SGT 2010  [error] Error in evaluation of == expression. Both arguments must be of the same Class. Currently left = class java.lang.Boolean, right = class java.lang.String. om/MapBuilder.vm [line 28, column 28] (ASTEQNode)
Wed Mar 24 16:41:56 SGT 2010  [error] Left side ($dbprops.get("idMethod")) of '==' operation has null value. If a reference, it may not be in the context. Operation not possible. om/MapBuilder.vm [line 112, column 103]
Wed Mar 24 16:41:56 SGT 2010  [error] Left side ($dbprops.get("idMethod")) of '==' operation has null value. If a reference, it may not be in the context. Operation not possible. om/MapBuilder.vm [line 114, column 68]
Wed Mar 24 16:41:56 SGT 2010   [info] ResourceManager : found om/Object.vm with loader org.apache.velocity.runtime.resource.loader.FileResourceLoader
Wed Mar 24 16:41:56 SGT 2010  [error] RHS of #set statement is null. Context will not be modified. om/Object.vm [line 1411, column 1]
Wed Mar 24 16:41:56 SGT 2010   [info] ResourceManager : found om/Peer.vm with loader org.apache.velocity.runtime.resource.loader.FileResourceLoader
Wed Mar 24 16:41:56 SGT 2010   [info] ResourceManager : found om/MapBuilder.vm with loader org.apache.velocity.runtime.resource.loader.FileResourceLoader
Wed Mar 24 16:41:56 SGT 2010  [error] Error in evaluation of == expression. Both arguments must be of the same Class. Currently left = class java.lang.Boolean, right = class java.lang.String. om/MapBuilder.vm [line 28, column 28] (ASTEQNode)
Wed Mar 24 16:41:56 SGT 2010  [error] Left side ($dbprops.get("idMethod")) of '==' operation has null value. If a reference, it may not be in the context. Operation not possible. om/MapBuilder.vm [line 112, column 103]
Wed Mar 24 16:41:56 SGT 2010  [error] Left side ($dbprops.get("idMethod")) of '==' operation has null value. If a reference, it may not be in the context. Operation not possible. om/MapBuilder.vm [line 114, column 68]
Wed Mar 24 16:41:56 SGT 2010   [info] ResourceManager : found om/Object.vm with loader org.apache.velocity.runtime.resource.loader.FileResourceLoader
Wed Mar 24 16:41:56 SGT 2010  [error] RHS of #set statement is null. Context will not be modified. om/Object.vm [line 268, column 1]
Wed Mar 24 16:41:56 SGT 2010  [error] RHS of #set statement is null. Context will not be modified. om/Object.vm [line 1411, column 1]
Wed Mar 24 16:41:56 SGT 2010   [info] ResourceManager : found om/Peer.vm with loader org.apache.velocity.runtime.resource.loader.FileResourceLoader
Wed Mar 24 16:41:56 SGT 2010   [info] ResourceManager : found om/MapBuilder.vm with loader org.apache.velocity.runtime.resource.loader.FileResourceLoader
Wed Mar 24 16:41:56 SGT 2010  [error] Error in evaluation of == expression. Both arguments must be of the same Class. Currently left = class java.lang.Boolean, right = class java.lang.String. om/MapBuilder.vm [line 28, column 28] (ASTEQNode)
Wed Mar 24 16:41:56 SGT 2010  [error] Left side ($dbprops.get("idMethod")) of '==' operation has null value. If a reference, it may not be in the context. Operation not possible. om/MapBuilder.vm [line 112, column 103]
Wed Mar 24 16:41:56 SGT 2010  [error] Left side ($dbprops.get("idMethod")) of '==' operation has null value. If a reference, it may not be in the context. Operation not possible. om/MapBuilder.vm [line 114, column 68]
Wed Mar 24 16:41:56 SGT 2010   [info] ResourceManager : found om/Object.vm with loader org.apache.velocity.runtime.resource.loader.FileResourceLoader
Wed Mar 24 16:41:56 SGT 2010  [error] RHS of #set statement is null. Context will not be modified. om/Object.vm [line 1411, column 1]
Wed Mar 24 16:41:56 SGT 2010   [info] ResourceManager : found om/Peer.vm with loader org.apache.velocity.runtime.resource.loader.FileResourceLoader
Wed Mar 24 16:41:56 SGT 2010   [info] ResourceManager : found om/MapBuilder.vm with loader org.apache.velocity.runtime.resource.loader.FileResourceLoader
Wed Mar 24 16:41:56 SGT 2010  [error] Error in evaluation of == expression. Both arguments must be of the same Class. Currently left = class java.lang.Boolean, right = class java.lang.String. om/MapBuilder.vm [line 28, column 28] (ASTEQNode)
Wed Mar 24 16:41:56 SGT 2010  [error] Left side ($dbprops.get("idMethod")) of '==' operation has null value. If a reference, it may not be in the context. Operation not possible. om/MapBuilder.vm [line 112, column 103]
Wed Mar 24 16:41:56 SGT 2010  [error] Left side ($dbprops.get("idMethod")) of '==' operation has null value. If a reference, it may not be in the context. Operation not possible. om/MapBuilder.vm [line 114, column 68]
Wed Mar 24 16:41:57 SGT 2010   [info] ResourceManager : found om/Object.vm with loader org.apache.velocity.runtime.resource.loader.FileResourceLoader
Wed Mar 24 16:41:57 SGT 2010  [error] RHS of #set statement is null. Context will not be modified. om/Object.vm [line 268, column 1]
Wed Mar 24 16:41:57 SGT 2010  [error] RHS of #set statement is null. Context will not be modified. om/Object.vm [line 1411, column 1]
Wed Mar 24 16:41:57 SGT 2010   [info] ResourceManager : found om/Peer.vm with loader org.apache.velocity.runtime.resource.loader.FileResourceLoader
Wed Mar 24 16:41:57 SGT 2010   [info] ResourceManager : found om/MapBuilder.vm with loader org.apache.velocity.runtime.resource.loader.FileResourceLoader
Wed Mar 24 16:41:57 SGT 2010  [error] Error in evaluation of == expression. Both arguments must be of the same Class. Currently left = class java.lang.Boolean, right = class java.lang.String. om/MapBuilder.vm [line 28, column 28] (ASTEQNode)
Wed Mar 24 16:41:57 SGT 2010  [error] Left side ($dbprops.get("idMethod")) of '==' operation has null value. If a reference, it may not be in the context. Operation not possible. om/MapBuilder.vm [line 112, column 103]
Wed Mar 24 16:41:57 SGT 2010  [error] Left side ($dbprops.get("idMethod")) of '==' operation has null value. If a reference, it may not be in the context. Operation not possible. om/MapBuilder.vm [line 114, column 68]
Wed Mar 24 16:41:57 SGT 2010   [info] ResourceManager : found om/Object.vm with loader org.apache.velocity.runtime.resource.loader.FileResourceLoader
Wed Mar 24 16:41:57 SGT 2010  [error] RHS of #set statement is null. Context will not be modified. om/Object.vm [line 268, column 1]
Wed Mar 24 16:41:57 SGT 2010  [error] RHS of #set statement is null. Context will not be modified. om/Object.vm [line 268, column 1]
Wed Mar 24 16:41:57 SGT 2010  [error] RHS of #set statement is null. Context will not be modified. om/Object.vm [line 1411, column 1]
Wed Mar 24 16:41:57 SGT 2010   [info] ResourceManager : found om/Peer.vm with loader org.apache.velocity.runtime.resource.loader.FileResourceLoader
Wed Mar 24 16:41:57 SGT 2010   [info] ResourceManager : found om/MapBuilder.vm with loader org.apache.velocity.runtime.resource.loader.FileResourceLoader
Wed Mar 24 16:41:57 SGT 2010  [error] Error in evaluation of == expression. Both arguments must be of the same Class. Currently left = class java.lang.Boolean, right = class java.lang.String. om/MapBuilder.vm [line 28, column 28] (ASTEQNode)
Wed Mar 24 16:41:57 SGT 2010  [error] Left side ($dbprops.get("idMethod")) of '==' operation has null value. If a reference, it may not be in the context. Operation not possible. om/MapBuilder.vm [line 112, column 103]
Wed Mar 24 16:41:57 SGT 2010  [error] Left side ($dbprops.get("idMethod")) of '==' operation has null value. If a reference, it may not be in the context. Operation not possible. om/MapBuilder.vm [line 114, column 68]
Wed Mar 24 16:41:57 SGT 2010   [info] ResourceManager : found om/Object.vm with loader org.apache.velocity.runtime.resource.loader.FileResourceLoader
Wed Mar 24 16:41:57 SGT 2010  [error] RHS of #set statement is null. Context will not be modified. om/Object.vm [line 268, column 1]
Wed Mar 24 16:41:57 SGT 2010  [error] RHS of #set statement is null. Context will not be modified. om/Object.vm [line 1411, column 1]
Wed Mar 24 16:41:57 SGT 2010   [info] ResourceManager : found om/Peer.vm with loader org.apache.velocity.runtime.resource.loader.FileResourceLoader
Wed Mar 24 16:41:57 SGT 2010   [info] ResourceManager : found om/MapBuilder.vm with loader org.apache.velocity.runtime.resource.loader.FileResourceLoader
Wed Mar 24 16:41:57 SGT 2010  [error] Error in evaluation of == expression. Both arguments must be of the same Class. Currently left = class java.lang.Boolean, right = class java.lang.String. om/MapBuilder.vm [line 28, column 28] (ASTEQNode)
Wed Mar 24 16:41:57 SGT 2010  [error] Left side ($dbprops.get("idMethod")) of '==' operation has null value. If a reference, it may not be in the context. Operation not possible. om/MapBuilder.vm [line 112, column 103]
Wed Mar 24 16:41:57 SGT 2010  [error] Left side ($dbprops.get("idMethod")) of '==' operation has null value. If a reference, it may not be in the context. Operation not possible. om/MapBuilder.vm [line 114, column 68]
Wed Mar 24 16:41:57 SGT 2010   [info] ResourceManager : found om/Object.vm with loader org.apache.velocity.runtime.resource.loader.FileResourceLoader
Wed Mar 24 16:41:57 SGT 2010  [error] RHS of #set statement is null. Context will not be modified. om/Object.vm [line 1411, column 1]
Wed Mar 24 16:41:57 SGT 2010   [info] ResourceManager : found om/Peer.vm with loader org.apache.velocity.runtime.resource.loader.FileResourceLoader
Wed Mar 24 16:41:57 SGT 2010   [info] ResourceManager : found om/MapBuilder.vm with loader org.apache.velocity.runtime.resource.loader.FileResourceLoader
Wed Mar 24 16:41:57 SGT 2010  [error] Error in evaluation of == expression. Both arguments must be of the same Class. Currently left = class java.lang.Boolean, right = class java.lang.String. om/MapBuilder.vm [line 28, column 28] (ASTEQNode)
Wed Mar 24 16:41:57 SGT 2010  [error] Left side ($dbprops.get("idMethod")) of '==' operation has null value. If a reference, it may not be in the context. Operation not possible. om/MapBuilder.vm [line 112, column 103]
Wed Mar 24 16:41:57 SGT 2010  [error] Left side ($dbprops.get("idMethod")) of '==' operation has null value. If a reference, it may not be in the context. Operation not possible. om/MapBuilder.vm [line 114, column 68]
Wed Mar 24 16:41:57 SGT 2010   [info] ResourceManager : found om/Object.vm with loader org.apache.velocity.runtime.resource.loader.FileResourceLoader
Wed Mar 24 16:41:57 SGT 2010  [error] RHS of #set statement is null. Context will not be modified. om/Object.vm [line 268, column 1]
Wed Mar 24 16:41:57 SGT 2010  [error] RHS of #set statement is null. Context will not be modified. om/Object.vm [line 268, column 1]
Wed Mar 24 16:41:57 SGT 2010  [error] RHS of #set statement is null. Context will not be modified. om/Object.vm [line 268, column 1]
Wed Mar 24 16:41:57 SGT 2010  [error] RHS of #set statement is null. Context will not be modified. om/Object.vm [line 268, column 1]
Wed Mar 24 16:41:57 SGT 2010  [error] RHS of #set statement is null. Context will not be modified. om/Object.vm [line 1411, column 1]
